Enabled demodulators: AFSK1200
AFSK1200: fm KD9THD-7 to APDR16-0 via WIDE1-1,WIDE2-2 UI^ pid=F0
:KD9THD-7 :A1+..#'yezw1{33
AFSK1200: fm KD9THD-7 to APDR16-0 via WIDE1-1,WIDE2-2 UI^ pid=F0
:KD9THD-7 :ack33
AFSK1200: fm KD9THD-7 to APDR16-0 via WIDE1-1,WIDE2-2 UI^ pid=F0
:KD9THD-7 :C3:{ B2>[]{34
AFSK1200: fm KD9THD-7 to APDR16-0 via WIDE1-1,WIDE2-2 UI^ pid=F0
:KD9THD-7 :Lsmjwneoxa aksn nkanjebkakq A1jsnqa{35
AFSK1200: fm KD9THD-7 to APDR16-0 via WIDE1-1,WIDE2-2 UI^ pid=F0
:KD9THD-7 :ack35
AFSK1200: fm KD9THD-7 to APDR16-0 via WIDE1-1,WIDE2-2 UI^ pid=F0
:KD9THD-7 :Lsmjwneoxa aksn nkanjebkakq A1jsnqa{36
AFSK1200: fm KD9THD-7 to APDR16-0 via WIDE1-1,WIDE2-2 UI^ pid=F0
:KD9THD-7 :A1 B2 C3{37
AFSK1200: fm KD9THD-7 to APDR16-0 via WIDE1-1,WIDE2-2 UI^ pid=F0
:KD9THD-7 :ack37
AFSK1200: fm KD9THD-7 to APDR16-0 via WIDE1-1,WIDE2-2 UI^ pid=F0
=3838.91N/09018.19W$ https://aprsdroid.org/
AFSK1200: fm KD9THD-7 to APDR16-0 via WIDE1-1,WIDE2-2 UI^ pid=F0
:KD9THD-7 :A1 B2 C3{38
AFSK1200: fm KD9THD-7 to APDR16-0 via WIDE1-1,WIDE2-2 UI^ pid=F0
:KD9THD-7 :ack38
AFSK1200: fm KD9THD-7 to APDR16-0 via WIDE1-1,WIDE2-2 UI^ pid=F0
:KD9THD-7 :The {39
AFSK1200: fm KD9THD-7 to APDR16-0 via WIDE1-1,WIDE2-2 UI^ pid=F0
:KD9THD-7 :ack39
AFSK1200: fm KD9THD-7 to APDR16-0 via WIDE1-1,WIDE2-2 UI^ pid=F0
:KD9THD-7 :A1 B2 A1 C3 D4 A1 E5 B2 F6 G7 A1 H8{40
AFSK1200: fm KD9THD-7 to APDR16-0 via WIDE1-1,WIDE2-2 UI^ pid=F0
:KD9THD-7 :ack40
